<?xml version="1.0" encoding="UTF-8"?>
<testsuite xmlns:xsi="http://www.w3.org/2001/XMLSchema-instance" xsi:noNamespaceSchemaLocation="https://maven.apache.org/surefire/maven-surefire-plugin/xsd/surefire-test-report.xsd" version="3.0.2" name="com.rkp.topcore.plugin.c400.C400UpstreamPluginTest" time="1.242" tests="2" errors="0" skipped="0" failures="0">
  <properties>
[...]
</properties>
  <testcase name="shouldConvertC400XmlToCanonicalDocument" classname="com.rkp.topcore.plugin.c400.C400UpstreamPluginTest" time="0.377">
    <system-out><![CDATA[
  .   ____          _            __ _ _
 /\\ / ___'_ __ _ _(_)_ __  __ _ \ \ \ \
( ( )\___ | '_ | '_| | '_ \/ _` | \ \ \ \
 \\/  ___)| |_)| | | | | || (_| |  ) ) ) )
  '  |____| .__|_| |_|_| |_\__, | / / / /
 =========|_|==============|___/=/_/_/_/

 :: Spring Boot ::                (v3.5.6)

2026-09-23T10:56:03.269+05:30  INFO 85913 --- [           main] c.r.t.p.c400.C400UpstreamPluginTest      : Starting C400UpstreamPluginTest using Java 26.0.1 with PID 85913 (started by pandey in /Users/pandey/Development/product/topcorev2/topcore-reactive/topcore-plugin-c400)
2026-09-23T10:56:03.270+05:30  INFO 85913 --- [           main] c.r.t.p.c400.C400UpstreamPluginTest      : No active profile set, falling back to 1 default profile: "default"
2026-09-23T10:56:03.871+05:30  INFO 85913 --- [           main] c.r.t.p.c400.C400UpstreamPluginTest      : Started C400UpstreamPluginTest in 0.72 seconds (process running for 1.088)
]]></system-out>
    <system-err><![CDATA[Mockito is currently self-attaching to enable the inline-mock-maker. This will no longer work in future releases of the JDK. Please add Mockito as an agent to your build as described in Mockito's documentation: https://javadoc.io/doc/org.mockito/mockito-core/latest/org.mockito/org/mockito/Mockito.html#0.3
WARNING: A Java agent has been loaded dynamically (/Users/pandey/.m2/repository/net/bytebuddy/byte-buddy-agent/1.17.7/byte-buddy-agent-1.17.7.jar)
WARNING: If a serviceability tool is in use, please run with -XX:+EnableDynamicAgentLoading to hide this warning
WARNING: If a serviceability tool is not in use, please run with -Djdk.instrument.traceUsage for more information
WARNING: Dynamic loading of agents will be disallowed by default in a future release
]]></system-err>
  </testcase>
  <testcase name="shouldConvertCanonicalDocumentToC400Xml" classname="com.rkp.topcore.plugin.c400.C400UpstreamPluginTest" time="0.003">
    <system-out><![CDATA[TF009 = ERR001
2026-09-23T10:56:04.252+05:30  INFO 85913 --- [           main] c.r.t.c.engine.OutboundMappingEngine     : Outbound mapping started integration=C400 direction=OUTBOUND
2026-09-23T10:56:04.253+05:30  INFO 85913 --- [           main] c.r.t.c.engine.OutboundMappingEngine     : Outbound mapping completed integration=C400 output={root={rec={Country=GH, ReqID=notifyTSAS, FunctionName=CPHTSAAS, externalTransactionId=TSA2881789288760858, Chnl=TSAS, Ostatus=Approved, RespMsg=Transaction approved, ErrorCode=00, ErrorDesc=ERR001}}}
GENERATED XML:
<root><rec><Country>GH</Country><ReqID>notifyTSAS</ReqID><FunctionName>CPHTSAAS</FunctionName><externalTransactionId>TSA2881789288760858</externalTransactionId><Chnl>TSAS</Chnl><Ostatus>Approved</Ostatus><RespMsg>Transaction approved</RespMsg><ErrorCode>00</ErrorCode><ErrorDesc>ERR001</ErrorDesc></rec></root>
]]></system-out>
  </testcase>
</testsuite>