<?xml version="1.0" encoding="UTF-8"?>
<testsuite xmlns:xsi="http://www.w3.org/2001/XMLSchema-instance" xsi:noNamespaceSchemaLocation="https://maven.apache.org/surefire/maven-surefire-plugin/xsd/surefire-test-report.xsd" version="3.0.2" name="com.rkp.topcore.hazelcast.HazelcastIntegrationTest" time="1.105" tests="2" errors="0" skipped="0" failures="0">
  <properties>
[...]
</properties>
  <testcase name="shouldPutGetAndRemoveValue" classname="com.rkp.topcore.hazelcast.HazelcastIntegrationTest" time="0.387">
    <system-out><![CDATA[
  .   ____          _            __ _ _
 /\\ / ___'_ __ _ _(_)_ __  __ _ \ \ \ \
( ( )\___ | '_ | '_| | '_ \/ _` | \ \ \ \
 \\/  ___)| |_)| | | | | || (_| |  ) ) ) )
  '  |____| .__|_| |_|_| |_\__, | / / / /
 =========|_|==============|___/=/_/_/_/

 :: Spring Boot ::                (v3.5.6)

2026-09-23T21:38:46.620+05:30  INFO 82979 --- [           main] c.r.t.h.HazelcastIntegrationTest         : Starting HazelcastIntegrationTest using Java 25.0.2 with PID 82979 (started by pandey in /Users/pandey/Development/product/topcorev2/topcore-reactive/topcore-hazelcast)
2026-09-23T21:38:46.621+05:30  INFO 82979 --- [           main] c.r.t.h.HazelcastIntegrationTest         : No active profile set, falling back to 1 default profile: "default"
2026-09-23T21:38:46.879+05:30  INFO 82979 --- [           main] c.h.c.impl.spi.ClientInvocationService   : hz.client_1 [dev] [5.7.0] Running with 2 response threads, dynamic=true
2026-09-23T21:38:46.896+05:30  INFO 82979 --- [           main] com.hazelcast.core.LifecycleService      : hz.client_1 [dev] [5.7.0] HazelcastClient 5.7.0 (20260512 - b9df48a) is STARTING
2026-09-23T21:38:46.897+05:30  INFO 82979 --- [           main] com.hazelcast.core.LifecycleService      : hz.client_1 [dev] [5.7.0] HazelcastClient 5.7.0 (20260512 - b9df48a) is STARTED
2026-09-23T21:38:46.912+05:30  INFO 82979 --- [           main] c.h.c.i.c.ClientConnectionManager        : hz.client_1 [dev] [5.7.0] Trying to connect to cluster: dev
2026-09-23T21:38:46.915+05:30  INFO 82979 --- [           main] c.h.c.i.c.ClientConnectionManager        : hz.client_1 [dev] [5.7.0] Trying to connect to [localhost]:5701
2026-09-23T21:38:46.996+05:30  INFO 82979 --- [           main] c.h.c.impl.spi.ClientClusterService      : hz.client_1 [dev] [5.7.0] Members [1] {
	Member [172.17.0.2]:5701 - b17281c9-7354-4598-bb89-ec6c09b7951a
}

2026-09-23T21:38:46.996+05:30  INFO 82979 --- [           main] com.hazelcast.core.LifecycleService      : hz.client_1 [dev] [5.7.0] HazelcastClient 5.7.0 (20260512 - b9df48a) is CLIENT_CONNECTED
2026-09-23T21:38:46.997+05:30  INFO 82979 --- [           main] c.h.c.i.c.ClientConnectionManager        : hz.client_1 [dev] [5.7.0] Authenticated with server [172.17.0.2]:5701:b17281c9-7354-4598-bb89-ec6c09b7951a, server version: 5.7.0, local address: /127.0.0.1:60045
2026-09-23T21:38:46.997+05:30  INFO 82979 --- [           main] c.h.internal.diagnostics.Diagnostics     : hz.client_1 [dev] [5.7.0] Diagnostics service is disabled. You can enable it over Management Center or Operator dynamically.
2026-09-23T21:38:47.050+05:30  INFO 82979 --- [           main] c.h.c.i.s.ClientStatisticsService        : Client statistics is enabled with period 5 seconds.
2026-09-23T21:38:47.080+05:30  INFO 82979 --- [           main] c.r.t.h.HazelcastIntegrationTest         : Started HazelcastIntegrationTest in 0.576 seconds (process running for 0.896)
]]></system-out>
    <system-err><![CDATA[Mockito is currently self-attaching to enable the inline-mock-maker. This will no longer work in future releases of the JDK. Please add Mockito as an agent to your build as described in Mockito's documentation: https://javadoc.io/doc/org.mockito/mockito-core/latest/org.mockito/org/mockito/Mockito.html#0.3
WARNING: A Java agent has been loaded dynamically (/Users/pandey/.m2/repository/net/bytebuddy/byte-buddy-agent/1.17.7/byte-buddy-agent-1.17.7.jar)
WARNING: If a serviceability tool is in use, please run with -XX:+EnableDynamicAgentLoading to hide this warning
WARNING: If a serviceability tool is not in use, please run with -Djdk.instrument.traceUsage for more information
WARNING: Dynamic loading of agents will be disallowed by default in a future release
]]></system-err>
  </testcase>
  <testcase name="shouldPutAndGetValue" classname="com.rkp.topcore.hazelcast.HazelcastIntegrationTest" time="0.003"/>
</testsuite>