<?xml version="1.0" encoding="UTF-8"?>
<testsuite xmlns:xsi="http://www.w3.org/2001/XMLSchema-instance" xsi:noNamespaceSchemaLocation="https://maven.apache.org/surefire/maven-surefire-plugin/xsd/surefire-test-report.xsd" version="3.0.2" name="com.rkp.topcore.hazelcast.HazelcastLockIntegrationTest" time="0.006" tests="1" errors="1" skipped="0" failures="0">
  <properties>
[...]
</properties>
  <testcase name="shouldAcquireAndReleaseFencedLock" classname="com.rkp.topcore.hazelcast.HazelcastLockIntegrationTest" time="0.002">
    <error message="CP subsystem is an Enterprise feature. Please use the latest applicable Hazelcast Enterprise client to interact with Enterprise clusters using CP." type="java.lang.UnsupportedOperationException"><![CDATA[java.lang.UnsupportedOperationException: CP subsystem is an Enterprise feature. Please use the latest applicable Hazelcast Enterprise client to interact with Enterprise clusters using CP.
	at com.hazelcast.cp.CPSubsystemStubImpl.getLock(CPSubsystemStubImpl.java:78)
	at com.rkp.topcore.hazelcast.HazelcastLockIntegrationTest.shouldAcquireAndReleaseFencedLock(HazelcastLockIntegrationTest.java:26)
	at java.base/java.lang.reflect.Method.invoke(Method.java:565)
	at java.base/java.util.ArrayList.forEach(ArrayList.java:1604)
	at java.base/java.util.ArrayList.forEach(ArrayList.java:1604)
]]></error>
  </testcase>
</testsuite>